2022-06-20 15:29:31,113 [Worker-5: Loading available Gradle versions] INFO  o.e.b.c.i.u.g.PublishedGradleVersions - Gradle version information cache is up-to-date. Trying to read.
2022-06-20 15:30:44,514 [ModalContext] INFO  o.e.m.c.i.e.AbstractTransferListenerAdapter - Downloading https://repo1.maven.org/maven2/com/github/bjlhx15/maven-archetypes-webapp/0.0.2/maven-archetypes-webapp-0.0.2.jar
2022-06-20 15:30:44,854 [ModalContext] INFO  o.e.m.c.i.e.AbstractTransferListenerAdapter - Downloaded https://repo1.maven.org/maven2/com/github/bjlhx15/maven-archetypes-webapp/0.0.2/maven-archetypes-webapp-0.0.2.jar
2022-06-20 15:30:44,878 [ModalContext] INFO  o.e.m.c.i.e.AbstractTransferListenerAdapter - Downloading https://repo1.maven.org/maven2/com/github/bjlhx15/maven-archetypes-webapp/0.0.2/maven-archetypes-webapp-0.0.2.pom
2022-06-20 15:30:44,919 [ModalContext] INFO  o.e.m.c.i.e.AbstractTransferListenerAdapter - Downloaded https://repo1.maven.org/maven2/com/github/bjlhx15/maven-archetypes-webapp/0.0.2/maven-archetypes-webapp-0.0.2.pom
2022-06-20 15:31:28,000 [Worker-0: Creating maven-archetypes-webapp] INFO  o.e.m.c.i.p.ProjectConfigurationManager - Collecting project info '/pom.xml' C:\Users\Arkahaine\Desktop\Projet\Test\pom.xml
2022-06-20 15:31:28,001 [Worker-0: Creating maven-archetypes-webapp] INFO  o.e.m.c.i.p.ProjectConfigurationManager - Collecting project info 'Test-common/pom.xml' C:\Users\Arkahaine\Desktop\Projet\Test\Test-common\pom.xml
2022-06-20 15:31:28,001 [Worker-0: Creating maven-archetypes-webapp] INFO  o.e.m.c.i.p.ProjectConfigurationManager - Collecting project info 'Test-dao/pom.xml' C:\Users\Arkahaine\Desktop\Projet\Test\Test-dao\pom.xml
2022-06-20 15:31:28,001 [Worker-0: Creating maven-archetypes-webapp] INFO  o.e.m.c.i.p.ProjectConfigurationManager - Collecting project info 'Test-service/pom.xml' C:\Users\Arkahaine\Desktop\Projet\Test\Test-service\pom.xml
2022-06-20 15:31:28,001 [Worker-0: Creating maven-archetypes-webapp] INFO  o.e.m.c.i.p.ProjectConfigurationManager - Collecting project info 'Test-web/pom.xml' C:\Users\Arkahaine\Desktop\Projet\Test\Test-web\pom.xml
2022-06-20 15:31:28,001 [Worker-0: Creating maven-archetypes-webapp] INFO  o.e.m.c.i.p.ProjectConfigurationManager - Collecting project info 'Test-model/pom.xml' C:\Users\Arkahaine\Desktop\Projet\Test\Test-model\pom.xml
2022-06-20 15:31:28,001 [Worker-0: Creating maven-archetypes-webapp] INFO  o.e.m.c.i.p.ProjectConfigurationManager - Collecting project info 'Test-generator/pom.xml' C:\Users\Arkahaine\Desktop\Projet\Test\Test-generator\pom.xml
2022-06-20 15:31:29,421 [Worker-0: Creating maven-archetypes-webapp] INFO  o.e.m.c.i.e.AbstractTransferListenerAdapter - Downloading https://repo.maven.apache.org/maven2/org/springframework/boot/spring-boot-maven-plugin/maven-metadata.xml
2022-06-20 15:31:29,460 [Worker-0: Creating maven-archetypes-webapp] INFO  o.e.m.c.i.e.AbstractTransferListenerAdapter - Downloaded https://repo.maven.apache.org/maven2/org/springframework/boot/spring-boot-maven-plugin/maven-metadata.xml
2022-06-20 15:31:29,485 [Worker-0: Creating maven-archetypes-webapp] INFO  o.e.m.c.i.e.AbstractTransferListenerAdapter - Downloading https://repo.maven.apache.org/maven2/org/springframework/boot/spring-boot-maven-plugin/2.7.0/spring-boot-maven-plugin-2.7.0.pom
2022-06-20 15:31:29,518 [Worker-0: Creating maven-archetypes-webapp] INFO  o.e.m.c.i.e.AbstractTransferListenerAdapter - Downloaded https://repo.maven.apache.org/maven2/org/springframework/boot/spring-boot-maven-plugin/2.7.0/spring-boot-maven-plugin-2.7.0.pom
2022-06-20 15:31:29,542 [Worker-0: Creating maven-archetypes-webapp] INFO  o.e.m.c.i.e.AbstractTransferListenerAdapter - Downloading https://repo.maven.apache.org/maven2/org/springframework/boot/spring-boot-maven-plugin/2.7.0/spring-boot-maven-plugin-2.7.0.jar
2022-06-20 15:31:29,633 [Worker-0: Creating maven-archetypes-webapp] INFO  o.e.m.c.i.e.AbstractTransferListenerAdapter - Downloaded https://repo.maven.apache.org/maven2/org/springframework/boot/spring-boot-maven-plugin/2.7.0/spring-boot-maven-plugin-2.7.0.jar
2022-06-20 15:31:29,679 [Worker-0: Creating maven-archetypes-webapp] INFO  o.e.m.c.i.l.LifecycleMappingFactory - Using NULL lifecycle mapping for MavenProject: com.github.bjlhx15.test:demo:0.0.1-SNAPSHOT @ C:\Users\Arkahaine\Desktop\Projet\demo\pom.xml.
2022-06-20 15:31:29,767 [Worker-0: Creating maven-archetypes-webapp] INFO  o.e.m.c.i.p.ProjectConfigurationManager - Imported and configured 7 project(s) in 1 sec
2022-06-23 10:13:41,170 [Worker-4: Loading available Gradle versions] INFO  o.e.b.c.i.u.g.PublishedGradleVersions - Gradle version information cache is out-of-date. Trying to update.
